
*** Running vivado
    with args -log Top_Student.vdi -applog -m64 -product Vivado -messageDb vivado.pb -mode batch -source Top_Student.tcl -notrace


****** Vivado v2018.2 (64-bit)
  **** SW Build 2258646 on Thu Jun 14 20:03:12 MDT 2018
  **** IP Build 2256618 on Thu Jun 14 22:10:49 MDT 2018
    ** Copyright 1986-2018 Xilinx, Inc. All Rights Reserved.

source Top_Student.tcl -notrace
Command: link_design -top Top_Student -part xc7a35tcpg236-1
Design is defaulting to srcset: sources_1
Design is defaulting to constrset: constrs_1
INFO: [Project 1-454] Reading design checkpoint 'c:/Users/zunmun/Documents/Stuff/Github/WORK/EE2026_Project_B-MODs/integration_group_basic_tasks/integration_group_basic_tasks.srcs/sources_1/ip/blk_mem_gen_0_1/blk_mem_gen_0.dcp' for cell 'task_group/paint_module/nn_inst/blk_mem_gen_0_inst'
INFO: [Project 1-454] Reading design checkpoint 'c:/Users/zunmun/Documents/Stuff/Github/WORK/EE2026_Project_B-MODs/integration_group_basic_tasks/integration_group_basic_tasks.srcs/sources_1/ip/blk_mem_gen_const/blk_mem_gen_const.dcp' for cell 'task_group/paint_module/nn_inst/blk_mem_gen_const_inst'
INFO: [Project 1-454] Reading design checkpoint 'c:/Users/zunmun/Documents/Stuff/Github/WORK/EE2026_Project_B-MODs/integration_group_basic_tasks/integration_group_basic_tasks.srcs/sources_1/ip/blk_mem_gen_img/blk_mem_gen_img.dcp' for cell 'task_group/paint_module/nn_inst/blk_mem_gen_img_inst'
INFO: [Project 1-454] Reading design checkpoint 'c:/Users/zunmun/Documents/Stuff/Github/WORK/EE2026_Project_B-MODs/integration_group_basic_tasks/integration_group_basic_tasks.srcs/sources_1/ip/blk_mem_gen_inter/blk_mem_gen_inter.dcp' for cell 'task_group/paint_module/nn_inst/blk_mem_gen_inter_inst'
INFO: [Netlist 29-17] Analyzing 819 Unisim elements for replacement
INFO: [Netlist 29-28] Unisim Transformation completed in 0 CPU seconds
INFO: [Project 1-479] Netlist was created with Vivado 2018.2
INFO: [Device 21-403] Loading part xc7a35tcpg236-1
INFO: [Project 1-570] Preparing netlist for logic optimization
Parsing XDC File [C:/Users/zunmun/Documents/Stuff/Github/WORK/EE2026_Project_B-MODs/integration_group_basic_tasks/integration_group_basic_tasks.srcs/constrs_1/new/basys3.xdc]
Finished Parsing XDC File [C:/Users/zunmun/Documents/Stuff/Github/WORK/EE2026_Project_B-MODs/integration_group_basic_tasks/integration_group_basic_tasks.srcs/constrs_1/new/basys3.xdc]
INFO: [Opt 31-138] Pushed 0 inverter(s) to 0 load pin(s).
INFO: [Project 1-111] Unisim Transformation Summary:
  A total of 2 instances were transformed.
  IOBUF => IOBUF (IBUF, OBUFT): 2 instances

11 Infos, 0 Warnings, 0 Critical Warnings and 0 Errors encountered.
link_design completed successfully
link_design: Time (s): cpu = 00:00:05 ; elapsed = 00:00:07 . Memory (MB): peak = 626.723 ; gain = 350.730
Command: opt_design
Attempting to get a license for feature 'Implementation' and/or device 'xc7a35t'
INFO: [Common 17-349] Got license for feature 'Implementation' and/or device 'xc7a35t'
Running DRC as a precondition to command opt_design

Starting DRC Task
INFO: [DRC 23-27] Running DRC with 2 threads
WARNING: [DRC RPBF-3] IO port buffering is incomplete: Device port JB[0] expects both input and output buffering but the buffers are incomplete.
WARNING: [DRC RPBF-3] IO port buffering is incomplete: Device port JB[1] expects both input and output buffering but the buffers are incomplete.
WARNING: [DRC RPBF-3] IO port buffering is incomplete: Device port JB[3] expects both input and output buffering but the buffers are incomplete.
WARNING: [DRC RPBF-3] IO port buffering is incomplete: Device port JB[4] expects both input and output buffering but the buffers are incomplete.
WARNING: [DRC RPBF-3] IO port buffering is incomplete: Device port JB[5] expects both input and output buffering but the buffers are incomplete.
WARNING: [DRC RPBF-3] IO port buffering is incomplete: Device port JB[6] expects both input and output buffering but the buffers are incomplete.
WARNING: [DRC RPBF-3] IO port buffering is incomplete: Device port JB[7] expects both input and output buffering but the buffers are incomplete.
INFO: [Project 1-461] DRC finished with 0 Errors, 7 Warnings
INFO: [Project 1-462] Please refer to the DRC report (report_drc) for more information.

Time (s): cpu = 00:00:00 ; elapsed = 00:00:00.516 . Memory (MB): peak = 635.035 ; gain = 8.312

Starting Cache Timing Information Task
INFO: [Timing 38-35] Done setting XDC timing constraints.
Ending Cache Timing Information Task | Checksum: 12f594a51

Time (s): cpu = 00:00:06 ; elapsed = 00:00:07 . Memory (MB): peak = 1185.277 ; gain = 550.242

Starting Logic Optimization Task

Phase 1 Retarget
INFO: [Opt 31-138] Pushed 2 inverter(s) to 26 load pin(s).
INFO: [Opt 31-49] Retargeted 0 cell(s).
Phase 1 Retarget | Checksum: 19a4e93e5

Time (s): cpu = 00:00:00 ; elapsed = 00:00:00.360 . Memory (MB): peak = 1185.277 ; gain = 0.000
INFO: [Opt 31-389] Phase Retarget created 0 cells and removed 0 cells

Phase 2 Constant propagation
INFO: [Opt 31-138] Pushed 0 inverter(s) to 0 load pin(s).
Phase 2 Constant propagation | Checksum: 24119b610

Time (s): cpu = 00:00:00 ; elapsed = 00:00:00.481 . Memory (MB): peak = 1185.277 ; gain = 0.000
INFO: [Opt 31-389] Phase Constant propagation created 2 cells and removed 4 cells

Phase 3 Sweep
Phase 3 Sweep | Checksum: 191fc2909

Time (s): cpu = 00:00:00 ; elapsed = 00:00:00.896 . Memory (MB): peak = 1185.277 ; gain = 0.000
INFO: [Opt 31-389] Phase Sweep created 0 cells and removed 2344 cells

Phase 4 BUFG optimization
Phase 4 BUFG optimization | Checksum: 191fc2909

Time (s): cpu = 00:00:00 ; elapsed = 00:00:00.977 . Memory (MB): peak = 1185.277 ; gain = 0.000
INFO: [Opt 31-662] Phase BUFG optimization created 0 cells of which 0 are BUFGs and removed 0 cells.

Phase 5 Shift Register Optimization
Phase 5 Shift Register Optimization | Checksum: 21b028763

Time (s): cpu = 00:00:00 ; elapsed = 00:00:01 . Memory (MB): peak = 1185.277 ; gain = 0.000
INFO: [Opt 31-389] Phase Shift Register Optimization created 0 cells and removed 0 cells

Phase 6 Post Processing Netlist
Phase 6 Post Processing Netlist | Checksum: 21b028763

Time (s): cpu = 00:00:00 ; elapsed = 00:00:01 . Memory (MB): peak = 1185.277 ; gain = 0.000
INFO: [Opt 31-389] Phase Post Processing Netlist created 0 cells and removed 0 cells

Starting Connectivity Check Task

Time (s): cpu = 00:00:00 ; elapsed = 00:00:00.007 . Memory (MB): peak = 1185.277 ; gain = 0.000
Ending Logic Optimization Task | Checksum: 21b028763

Time (s): cpu = 00:00:00 ; elapsed = 00:00:01 . Memory (MB): peak = 1185.277 ; gain = 0.000

Starting Power Optimization Task
INFO: [Pwropt 34-132] Skipping clock gating for clocks with a period < 2.00 ns.
Ending Power Optimization Task | Checksum: 21b028763

Time (s): cpu = 00:00:00 ; elapsed = 00:00:00.009 . Memory (MB): peak = 1185.277 ; gain = 0.000

Starting Final Cleanup Task
Ending Final Cleanup Task | Checksum: 21b028763

Time (s): cpu = 00:00:00 ; elapsed = 00:00:00 . Memory (MB): peak = 1185.277 ; gain = 0.000
INFO: [Common 17-83] Releasing license: Implementation
27 Infos, 7 Warnings, 0 Critical Warnings and 0 Errors encountered.
opt_design completed successfully
opt_design: Time (s): cpu = 00:00:06 ; elapsed = 00:00:09 . Memory (MB): peak = 1185.277 ; gain = 558.555
INFO: [Timing 38-480] Writing timing data to binary archive.
Writing placer database...
Writing XDEF routing.
Writing XDEF routing logical nets.
Writing XDEF routing special nets.
Write XDEF Complete: Time (s): cpu = 00:00:00 ; elapsed = 00:00:00.020 . Memory (MB): peak = 1185.277 ; gain = 0.000
INFO: [Common 17-1381] The checkpoint 'C:/Users/zunmun/Documents/Stuff/Github/WORK/EE2026_Project_B-MODs/integration_group_basic_tasks/integration_group_basic_tasks.runs/impl_1/Top_Student_opt.dcp' has been generated.
INFO: [runtcl-4] Executing : report_drc -file Top_Student_drc_opted.rpt -pb Top_Student_drc_opted.pb -rpx Top_Student_drc_opted.rpx
Command: report_drc -file Top_Student_drc_opted.rpt -pb Top_Student_drc_opted.pb -rpx Top_Student_drc_opted.rpx
INFO: [DRC 23-27] Running DRC with 2 threads
INFO: [Coretcl 2-168] The results of DRC are in file C:/Users/zunmun/Documents/Stuff/Github/WORK/EE2026_Project_B-MODs/integration_group_basic_tasks/integration_group_basic_tasks.runs/impl_1/Top_Student_drc_opted.rpt.
report_drc completed successfully
Command: place_design
Attempting to get a license for feature 'Implementation' and/or device 'xc7a35t'
INFO: [Common 17-349] Got license for feature 'Implementation' and/or device 'xc7a35t'
INFO: [DRC 23-27] Running DRC with 2 threads
INFO: [Vivado_Tcl 4-198] DRC finished with 0 Errors
INFO: [Vivado_Tcl 4-199] Please refer to the DRC report (report_drc) for more information.
Running DRC as a precondition to command place_design
INFO: [DRC 23-27] Running DRC with 2 threads
WARNING: [DRC RPBF-3] IO port buffering is incomplete: Device port JB[0] expects both input and output buffering but the buffers are incomplete.
WARNING: [DRC RPBF-3] IO port buffering is incomplete: Device port JB[1] expects both input and output buffering but the buffers are incomplete.
WARNING: [DRC RPBF-3] IO port buffering is incomplete: Device port JB[3] expects both input and output buffering but the buffers are incomplete.
WARNING: [DRC RPBF-3] IO port buffering is incomplete: Device port JB[4] expects both input and output buffering but the buffers are incomplete.
WARNING: [DRC RPBF-3] IO port buffering is incomplete: Device port JB[5] expects both input and output buffering but the buffers are incomplete.
WARNING: [DRC RPBF-3] IO port buffering is incomplete: Device port JB[6] expects both input and output buffering but the buffers are incomplete.
WARNING: [DRC RPBF-3] IO port buffering is incomplete: Device port JB[7] expects both input and output buffering but the buffers are incomplete.
INFO: [Vivado_Tcl 4-198] DRC finished with 0 Errors, 7 Warnings
INFO: [Vivado_Tcl 4-199] Please refer to the DRC report (report_drc) for more information.

Starting Placer Task
INFO: [Place 30-611] Multithreading enabled for place_design using a maximum of 2 CPUs

Phase 1 Placer Initialization

Phase 1.1 Placer Initialization Netlist Sorting
Netlist sorting complete. Time (s): cpu = 00:00:00 ; elapsed = 00:00:00.005 . Memory (MB): peak = 1185.277 ; gain = 0.000
Phase 1.1 Placer Initialization Netlist Sorting | Checksum: 16f84ec9a

Time (s): cpu = 00:00:00 ; elapsed = 00:00:00.008 . Memory (MB): peak = 1185.277 ; gain = 0.000
Netlist sorting complete. Time (s): cpu = 00:00:00 ; elapsed = 00:00:00.004 . Memory (MB): peak = 1185.277 ; gain = 0.000

Phase 1.2 IO Placement/ Clock Placement/ Build Placer Device
INFO: [Timing 38-35] Done setting XDC timing constraints.
WARNING: [Place 30-568] A LUT 'mouse/state_choice[2]_i_2' is driving clock pin of 18 registers. This could lead to large hold time violations. First few involved registers are:
	task_group/paint_module/state_choice_reg[1]_rep__1 {FDRE}
	task_group/paint_module/state_choice_reg[0] {FDRE}
	task_group/paint_module/state_choice_reg[0]_rep__2 {FDRE}
	task_group/paint_module/state_choice_reg[1] {FDRE}
	task_group/paint_module/state_choice_reg[0]_rep__0 {FDRE}
Phase 1.2 IO Placement/ Clock Placement/ Build Placer Device | Checksum: cfe26abf

Time (s): cpu = 00:00:01 ; elapsed = 00:00:01 . Memory (MB): peak = 1185.277 ; gain = 0.000

Phase 1.3 Build Placer Netlist Model
Phase 1.3 Build Placer Netlist Model | Checksum: 1ae7ea2de

Time (s): cpu = 00:00:01 ; elapsed = 00:00:02 . Memory (MB): peak = 1185.277 ; gain = 0.000

Phase 1.4 Constrain Clocks/Macros
Phase 1.4 Constrain Clocks/Macros | Checksum: 1ae7ea2de

Time (s): cpu = 00:00:01 ; elapsed = 00:00:02 . Memory (MB): peak = 1185.277 ; gain = 0.000
Phase 1 Placer Initialization | Checksum: 1ae7ea2de

Time (s): cpu = 00:00:01 ; elapsed = 00:00:02 . Memory (MB): peak = 1185.277 ; gain = 0.000

Phase 2 Global Placement

Phase 2.1 Floorplanning
Phase 2.1 Floorplanning | Checksum: 18d467d50

Time (s): cpu = 00:00:01 ; elapsed = 00:00:02 . Memory (MB): peak = 1185.277 ; gain = 0.000

Phase 2.2 Physical Synthesis In Placer
INFO: [Physopt 32-65] No nets found for high-fanout optimization.
INFO: [Physopt 32-232] Optimized 0 net. Created 0 new instance.
INFO: [Physopt 32-775] End 1 Pass. Optimized 0 net or cell. Created 0 new cell, deleted 0 existing cell and moved 0 existing cell
Netlist sorting complete. Time (s): cpu = 00:00:00 ; elapsed = 00:00:00.005 . Memory (MB): peak = 1185.277 ; gain = 0.000

Summary of Physical Synthesis Optimizations
============================================


-----------------------------------------------------------------------------------------------------------------------------
|  Optimization       |  Added Cells  |  Removed Cells  |  Optimized Cells/Nets  |  Dont Touch  |  Iterations  |  Elapsed   |
-----------------------------------------------------------------------------------------------------------------------------
|  Very High Fanout   |            0  |              0  |                     0  |           0  |           1  |  00:00:00  |
|  Total              |            0  |              0  |                     0  |           0  |           1  |  00:00:00  |
-----------------------------------------------------------------------------------------------------------------------------


Phase 2.2 Physical Synthesis In Placer | Checksum: 207abccea

Time (s): cpu = 00:00:02 ; elapsed = 00:00:04 . Memory (MB): peak = 1185.277 ; gain = 0.000
Phase 2 Global Placement | Checksum: 208905b7b

Time (s): cpu = 00:00:02 ; elapsed = 00:00:04 . Memory (MB): peak = 1185.277 ; gain = 0.000

Phase 3 Detail Placement

Phase 3.1 Commit Multi Column Macros
Phase 3.1 Commit Multi Column Macros | Checksum: 208905b7b

Time (s): cpu = 00:00:02 ; elapsed = 00:00:04 . Memory (MB): peak = 1185.277 ; gain = 0.000

Phase 3.2 Commit Most Macros & LUTRAMs
Phase 3.2 Commit Most Macros & LUTRAMs | Checksum: 1edbdc478

Time (s): cpu = 00:00:02 ; elapsed = 00:00:04 . Memory (MB): peak = 1185.277 ; gain = 0.000

Phase 3.3 Area Swap Optimization
Phase 3.3 Area Swap Optimization | Checksum: 1d9f81b74

Time (s): cpu = 00:00:02 ; elapsed = 00:00:04 . Memory (MB): peak = 1185.277 ; gain = 0.000

Phase 3.4 Pipeline Register Optimization
Phase 3.4 Pipeline Register Optimization | Checksum: 1d9f81b74

Time (s): cpu = 00:00:02 ; elapsed = 00:00:04 . Memory (MB): peak = 1185.277 ; gain = 0.000

Phase 3.5 Small Shape Detail Placement
Phase 3.5 Small Shape Detail Placement | Checksum: 1fef85ccd

Time (s): cpu = 00:00:03 ; elapsed = 00:00:05 . Memory (MB): peak = 1185.277 ; gain = 0.000

Phase 3.6 Re-assign LUT pins
Phase 3.6 Re-assign LUT pins | Checksum: 1de24764b

Time (s): cpu = 00:00:03 ; elapsed = 00:00:05 . Memory (MB): peak = 1185.277 ; gain = 0.000

Phase 3.7 Pipeline Register Optimization
Phase 3.7 Pipeline Register Optimization | Checksum: 1de24764b

Time (s): cpu = 00:00:03 ; elapsed = 00:00:05 . Memory (MB): peak = 1185.277 ; gain = 0.000
Phase 3 Detail Placement | Checksum: 1de24764b

Time (s): cpu = 00:00:03 ; elapsed = 00:00:05 . Memory (MB): peak = 1185.277 ; gain = 0.000

Phase 4 Post Placement Optimization and Clean-Up

Phase 4.1 Post Commit Optimization
INFO: [Timing 38-35] Done setting XDC timing constraints.

Phase 4.1.1 Post Placement Optimization
Post Placement Optimization Initialization | Checksum: 26384e714

Phase 4.1.1.1 BUFG Insertion
INFO: [Place 46-31] BUFG insertion identified 0 candidate nets, 0 success, 0 skipped for placement/routing, 0 skipped for timing, 0 skipped for netlist change reason.
Phase 4.1.1.1 BUFG Insertion | Checksum: 26384e714

Time (s): cpu = 00:00:03 ; elapsed = 00:00:06 . Memory (MB): peak = 1185.277 ; gain = 0.000
INFO: [Place 30-746] Post Placement Timing Summary WNS=4.569. For the most accurate timing information please run report_timing.
Phase 4.1.1 Post Placement Optimization | Checksum: 26547ba3f

Time (s): cpu = 00:00:03 ; elapsed = 00:00:06 . Memory (MB): peak = 1185.277 ; gain = 0.000
Phase 4.1 Post Commit Optimization | Checksum: 26547ba3f

Time (s): cpu = 00:00:04 ; elapsed = 00:00:06 . Memory (MB): peak = 1185.277 ; gain = 0.000

Phase 4.2 Post Placement Cleanup
Phase 4.2 Post Placement Cleanup | Checksum: 26547ba3f

Time (s): cpu = 00:00:04 ; elapsed = 00:00:06 . Memory (MB): peak = 1185.277 ; gain = 0.000

Phase 4.3 Placer Reporting
Phase 4.3 Placer Reporting | Checksum: 26547ba3f

Time (s): cpu = 00:00:04 ; elapsed = 00:00:06 . Memory (MB): peak = 1185.277 ; gain = 0.000

Phase 4.4 Final Placement Cleanup
Phase 4.4 Final Placement Cleanup | Checksum: 1cf32b095

Time (s): cpu = 00:00:04 ; elapsed = 00:00:06 . Memory (MB): peak = 1185.277 ; gain = 0.000
Phase 4 Post Placement Optimization and Clean-Up | Checksum: 1cf32b095

Time (s): cpu = 00:00:04 ; elapsed = 00:00:06 . Memory (MB): peak = 1185.277 ; gain = 0.000
Ending Placer Task | Checksum: fd28de52

Time (s): cpu = 00:00:04 ; elapsed = 00:00:06 . Memory (MB): peak = 1185.277 ; gain = 0.000
INFO: [Common 17-83] Releasing license: Implementation
48 Infos, 15 Warnings, 0 Critical Warnings and 0 Errors encountered.
place_design completed successfully
place_design: Time (s): cpu = 00:00:05 ; elapsed = 00:00:06 . Memory (MB): peak = 1185.277 ; gain = 0.000
INFO: [Timing 38-480] Writing timing data to binary archive.
Writing placer database...
Writing XDEF routing.
Writing XDEF routing logical nets.
Writing XDEF routing special nets.
Write XDEF Complete: Time (s): cpu = 00:00:00 ; elapsed = 00:00:00.224 . Memory (MB): peak = 1185.785 ; gain = 0.508
INFO: [Common 17-1381] The checkpoint 'C:/Users/zunmun/Documents/Stuff/Github/WORK/EE2026_Project_B-MODs/integration_group_basic_tasks/integration_group_basic_tasks.runs/impl_1/Top_Student_placed.dcp' has been generated.
INFO: [runtcl-4] Executing : report_io -file Top_Student_io_placed.rpt
report_io: Time (s): cpu = 00:00:00 ; elapsed = 00:00:00.039 . Memory (MB): peak = 1185.785 ; gain = 0.000
INFO: [runtcl-4] Executing : report_utilization -file Top_Student_utilization_placed.rpt -pb Top_Student_utilization_placed.pb
report_utilization: Time (s): cpu = 00:00:00 ; elapsed = 00:00:00.047 . Memory (MB): peak = 1185.785 ; gain = 0.000
INFO: [runtcl-4] Executing : report_control_sets -verbose -file Top_Student_control_sets_placed.rpt
report_control_sets: Time (s): cpu = 00:00:00 ; elapsed = 00:00:00.013 . Memory (MB): peak = 1185.785 ; gain = 0.000
Command: route_design
Attempting to get a license for feature 'Implementation' and/or device 'xc7a35t'
INFO: [Common 17-349] Got license for feature 'Implementation' and/or device 'xc7a35t'
Running DRC as a precondition to command route_design
INFO: [DRC 23-27] Running DRC with 2 threads
INFO: [Vivado_Tcl 4-198] DRC finished with 0 Errors
INFO: [Vivado_Tcl 4-199] Please refer to the DRC report (report_drc) for more information.


Starting Routing Task
INFO: [Route 35-254] Multithreading enabled for route_design using a maximum of 2 CPUs
Checksum: PlaceDB: 96628f56 ConstDB: 0 ShapeSum: 66c64efc RouteDB: 0

Phase 1 Build RT Design
Phase 1 Build RT Design | Checksum: 76b52f6b

Time (s): cpu = 00:00:11 ; elapsed = 00:00:12 . Memory (MB): peak = 1297.832 ; gain = 112.047
Post Restoration Checksum: NetGraph: 4b432008 NumContArr: 2b720f63 Constraints: 0 Timing: 0

Phase 2 Router Initialization

Phase 2.1 Create Timer
Phase 2.1 Create Timer | Checksum: 76b52f6b

Time (s): cpu = 00:00:11 ; elapsed = 00:00:12 . Memory (MB): peak = 1297.863 ; gain = 112.078

Phase 2.2 Fix Topology Constraints
Phase 2.2 Fix Topology Constraints | Checksum: 76b52f6b

Time (s): cpu = 00:00:11 ; elapsed = 00:00:12 . Memory (MB): peak = 1303.875 ; gain = 118.090

Phase 2.3 Pre Route Cleanup
Phase 2.3 Pre Route Cleanup | Checksum: 76b52f6b

Time (s): cpu = 00:00:11 ; elapsed = 00:00:12 . Memory (MB): peak = 1303.875 ; gain = 118.090
 Number of Nodes with overlaps = 0

Phase 2.4 Update Timing
Phase 2.4 Update Timing | Checksum: 1f7cfaa32

Time (s): cpu = 00:00:12 ; elapsed = 00:00:12 . Memory (MB): peak = 1312.375 ; gain = 126.590
INFO: [Route 35-416] Intermediate Timing Summary | WNS=4.572  | TNS=0.000  | WHS=-0.153 | THS=-6.328 |

Phase 2 Router Initialization | Checksum: 240dff98f

Time (s): cpu = 00:00:12 ; elapsed = 00:00:13 . Memory (MB): peak = 1331.562 ; gain = 145.777

Phase 3 Initial Routing
Phase 3 Initial Routing | Checksum: 1cc4e8a4a

Time (s): cpu = 00:00:12 ; elapsed = 00:00:13 . Memory (MB): peak = 1331.562 ; gain = 145.777

Phase 4 Rip-up And Reroute

Phase 4.1 Global Iteration 0
 Number of Nodes with overlaps = 476
 Number of Nodes with overlaps = 1
 Number of Nodes with overlaps = 0
INFO: [Route 35-416] Intermediate Timing Summary | WNS=4.133  | TNS=0.000  | WHS=N/A    | THS=N/A    |

Phase 4.1 Global Iteration 0 | Checksum: 1051978e1

Time (s): cpu = 00:00:13 ; elapsed = 00:00:13 . Memory (MB): peak = 1331.562 ; gain = 145.777

Phase 4.2 Global Iteration 1
 Number of Nodes with overlaps = 0
INFO: [Route 35-416] Intermediate Timing Summary | WNS=4.133  | TNS=0.000  | WHS=N/A    | THS=N/A    |

Phase 4.2 Global Iteration 1 | Checksum: 1f7834e43

Time (s): cpu = 00:00:13 ; elapsed = 00:00:14 . Memory (MB): peak = 1331.562 ; gain = 145.777
Phase 4 Rip-up And Reroute | Checksum: 1f7834e43

Time (s): cpu = 00:00:13 ; elapsed = 00:00:14 . Memory (MB): peak = 1331.562 ; gain = 145.777

Phase 5 Delay and Skew Optimization

Phase 5.1 Delay CleanUp
Phase 5.1 Delay CleanUp | Checksum: 1f7834e43

Time (s): cpu = 00:00:13 ; elapsed = 00:00:14 . Memory (MB): peak = 1331.562 ; gain = 145.777

Phase 5.2 Clock Skew Optimization
Phase 5.2 Clock Skew Optimization | Checksum: 1f7834e43

Time (s): cpu = 00:00:13 ; elapsed = 00:00:14 . Memory (MB): peak = 1331.562 ; gain = 145.777
Phase 5 Delay and Skew Optimization | Checksum: 1f7834e43

Time (s): cpu = 00:00:13 ; elapsed = 00:00:14 . Memory (MB): peak = 1331.562 ; gain = 145.777

Phase 6 Post Hold Fix

Phase 6.1 Hold Fix Iter

Phase 6.1.1 Update Timing
Phase 6.1.1 Update Timing | Checksum: 10ba4ee33

Time (s): cpu = 00:00:13 ; elapsed = 00:00:14 . Memory (MB): peak = 1331.562 ; gain = 145.777
INFO: [Route 35-416] Intermediate Timing Summary | WNS=4.133  | TNS=0.000  | WHS=0.096  | THS=0.000  |

Phase 6.1 Hold Fix Iter | Checksum: 175948a0a

Time (s): cpu = 00:00:13 ; elapsed = 00:00:14 . Memory (MB): peak = 1331.562 ; gain = 145.777
Phase 6 Post Hold Fix | Checksum: 175948a0a

Time (s): cpu = 00:00:13 ; elapsed = 00:00:14 . Memory (MB): peak = 1331.562 ; gain = 145.777

Phase 7 Route finalize

Router Utilization Summary
  Global Vertical Routing Utilization    = 0.910627 %
  Global Horizontal Routing Utilization  = 0.984513 %
  Routable Net Status*
  *Does not include unroutable nets such as driverless and loadless.
  Run report_route_status for detailed report.
  Number of Failed Nets               = 0
  Number of Unrouted Nets             = 0
  Number of Partially Routed Nets     = 0
  Number of Node Overlaps             = 0

Phase 7 Route finalize | Checksum: 13e7b42f2

Time (s): cpu = 00:00:13 ; elapsed = 00:00:14 . Memory (MB): peak = 1331.562 ; gain = 145.777

Phase 8 Verifying routed nets

 Verification completed successfully
Phase 8 Verifying routed nets | Checksum: 13e7b42f2

Time (s): cpu = 00:00:13 ; elapsed = 00:00:14 . Memory (MB): peak = 1331.562 ; gain = 145.777

Phase 9 Depositing Routes
Phase 9 Depositing Routes | Checksum: 14b5bfbdc

Time (s): cpu = 00:00:13 ; elapsed = 00:00:14 . Memory (MB): peak = 1331.562 ; gain = 145.777

Phase 10 Post Router Timing
INFO: [Route 35-57] Estimated Timing Summary | WNS=4.133  | TNS=0.000  | WHS=0.096  | THS=0.000  |

INFO: [Route 35-327] The final timing numbers are based on the router estimated timing analysis. For a complete and accurate timing signoff, please run report_timing_summary.
Phase 10 Post Router Timing | Checksum: 14b5bfbdc

Time (s): cpu = 00:00:13 ; elapsed = 00:00:14 . Memory (MB): peak = 1331.562 ; gain = 145.777
INFO: [Route 35-16] Router Completed Successfully

Time (s): cpu = 00:00:13 ; elapsed = 00:00:14 . Memory (MB): peak = 1331.562 ; gain = 145.777

Routing Is Done.
INFO: [Common 17-83] Releasing license: Implementation
66 Infos, 15 Warnings, 0 Critical Warnings and 0 Errors encountered.
route_design completed successfully
route_design: Time (s): cpu = 00:00:14 ; elapsed = 00:00:15 . Memory (MB): peak = 1331.562 ; gain = 145.777
INFO: [Timing 38-480] Writing timing data to binary archive.
Writing placer database...
Writing XDEF routing.
Writing XDEF routing logical nets.
Writing XDEF routing special nets.
Write XDEF Complete: Time (s): cpu = 00:00:00 ; elapsed = 00:00:00.261 . Memory (MB): peak = 1331.562 ; gain = 0.000
INFO: [Common 17-1381] The checkpoint 'C:/Users/zunmun/Documents/Stuff/Github/WORK/EE2026_Project_B-MODs/integration_group_basic_tasks/integration_group_basic_tasks.runs/impl_1/Top_Student_routed.dcp' has been generated.
INFO: [runtcl-4] Executing : report_drc -file Top_Student_drc_routed.rpt -pb Top_Student_drc_routed.pb -rpx Top_Student_drc_routed.rpx
Command: report_drc -file Top_Student_drc_routed.rpt -pb Top_Student_drc_routed.pb -rpx Top_Student_drc_routed.rpx
INFO: [DRC 23-27] Running DRC with 2 threads
INFO: [Coretcl 2-168] The results of DRC are in file C:/Users/zunmun/Documents/Stuff/Github/WORK/EE2026_Project_B-MODs/integration_group_basic_tasks/integration_group_basic_tasks.runs/impl_1/Top_Student_drc_routed.rpt.
report_drc completed successfully
INFO: [runtcl-4] Executing : report_methodology -file Top_Student_methodology_drc_routed.rpt -pb Top_Student_methodology_drc_routed.pb -rpx Top_Student_methodology_drc_routed.rpx
Command: report_methodology -file Top_Student_methodology_drc_routed.rpt -pb Top_Student_methodology_drc_routed.pb -rpx Top_Student_methodology_drc_routed.rpx
INFO: [Timing 38-35] Done setting XDC timing constraints.
INFO: [Timing 38-35] Done setting XDC timing constraints.
INFO: [DRC 23-133] Running Methodology with 2 threads
INFO: [Coretcl 2-1520] The results of Report Methodology are in file C:/Users/zunmun/Documents/Stuff/Github/WORK/EE2026_Project_B-MODs/integration_group_basic_tasks/integration_group_basic_tasks.runs/impl_1/Top_Student_methodology_drc_routed.rpt.
report_methodology completed successfully
INFO: [runtcl-4] Executing : report_power -file Top_Student_power_routed.rpt -pb Top_Student_power_summary_routed.pb -rpx Top_Student_power_routed.rpx
Command: report_power -file Top_Student_power_routed.rpt -pb Top_Student_power_summary_routed.pb -rpx Top_Student_power_routed.rpx
INFO: [Timing 38-35] Done setting XDC timing constraints.
Running Vector-less Activity Propagation...

Finished Running Vector-less Activity Propagation
78 Infos, 15 Warnings, 0 Critical Warnings and 0 Errors encountered.
report_power completed successfully
INFO: [runtcl-4] Executing : report_route_status -file Top_Student_route_status.rpt -pb Top_Student_route_status.pb
INFO: [runtcl-4] Executing : report_timing_summary -max_paths 10 -file Top_Student_timing_summary_routed.rpt -pb Top_Student_timing_summary_routed.pb -rpx Top_Student_timing_summary_routed.rpx -warn_on_violation 
INFO: [Timing 38-91] UpdateTimingParams: Speed grade: -1, Delay Type: min_max, Timing Stage: Requireds.
INFO: [Timing 38-191] Multithreading enabled for timing update using a maximum of 2 CPUs
INFO: [runtcl-4] Executing : report_incremental_reuse -file Top_Student_incremental_reuse_routed.rpt
INFO: [Vivado_Tcl 4-545] No incremental reuse to report, no incremental placement and routing data was found.
INFO: [runtcl-4] Executing : report_clock_utilization -file Top_Student_clock_utilization_routed.rpt
INFO: [runtcl-4] Executing : report_bus_skew -warn_on_violation -file Top_Student_bus_skew_routed.rpt -pb Top_Student_bus_skew_routed.pb -rpx Top_Student_bus_skew_routed.rpx
INFO: [Timing 38-91] UpdateTimingParams: Speed grade: -1, Delay Type: min_max, Timing Stage: Requireds.
INFO: [Timing 38-191] Multithreading enabled for timing update using a maximum of 2 CPUs
Command: write_bitstream -force Top_Student.bit
Attempting to get a license for feature 'Implementation' and/or device 'xc7a35t'
INFO: [Common 17-349] Got license for feature 'Implementation' and/or device 'xc7a35t'
Running DRC as a precondition to command write_bitstream
INFO: [DRC 23-27] Running DRC with 2 threads
WARNING: [DRC DPIP-1] Input pipelining: DSP task_a/is_in_circle_return1 input task_a/is_in_circle_return1/A[29:0] is not pipelined. Pipelining DSP48 input will improve performance.
WARNING: [DRC DPIP-1] Input pipelining: DSP task_a/is_in_circle_return1 input task_a/is_in_circle_return1/B[17:0] is not pipelined. Pipelining DSP48 input will improve performance.
WARNING: [DRC DPIP-1] Input pipelining: DSP task_a/is_in_circle_return1__0 input task_a/is_in_circle_return1__0/A[29:0] is not pipelined. Pipelining DSP48 input will improve performance.
WARNING: [DRC DPIP-1] Input pipelining: DSP task_a/is_in_circle_return1__0 input task_a/is_in_circle_return1__0/B[17:0] is not pipelined. Pipelining DSP48 input will improve performance.
WARNING: [DRC DPIP-1] Input pipelining: DSP task_a/is_in_circle_return1__1 input task_a/is_in_circle_return1__1/A[29:0] is not pipelined. Pipelining DSP48 input will improve performance.
WARNING: [DRC DPIP-1] Input pipelining: DSP task_a/is_in_circle_return1__1 input task_a/is_in_circle_return1__1/B[17:0] is not pipelined. Pipelining DSP48 input will improve performance.
WARNING: [DRC DPIP-1] Input pipelining: DSP task_a/is_in_circle_return1__2 input task_a/is_in_circle_return1__2/A[29:0] is not pipelined. Pipelining DSP48 input will improve performance.
WARNING: [DRC DPIP-1] Input pipelining: DSP task_a/is_in_circle_return1__2 input task_a/is_in_circle_return1__2/B[17:0] is not pipelined. Pipelining DSP48 input will improve performance.
WARNING: [DRC DPIP-1] Input pipelining: DSP task_a/is_in_circle_return1__3 input task_a/is_in_circle_return1__3/A[29:0] is not pipelined. Pipelining DSP48 input will improve performance.
WARNING: [DRC DPIP-1] Input pipelining: DSP task_a/is_in_circle_return1__3 input task_a/is_in_circle_return1__3/B[17:0] is not pipelined. Pipelining DSP48 input will improve performance.
WARNING: [DRC DPIP-1] Input pipelining: DSP task_a/is_in_circle_return1__4 input task_a/is_in_circle_return1__4/A[29:0] is not pipelined. Pipelining DSP48 input will improve performance.
WARNING: [DRC DPIP-1] Input pipelining: DSP task_a/is_in_circle_return1__4 input task_a/is_in_circle_return1__4/B[17:0] is not pipelined. Pipelining DSP48 input will improve performance.
WARNING: [DRC DPIP-1] Input pipelining: DSP task_group/paint_module/p_0_in input task_group/paint_module/p_0_in/A[29:0] is not pipelined. Pipelining DSP48 input will improve performance.
WARNING: [DRC DPIP-1] Input pipelining: DSP task_group/paint_module/p_0_in input task_group/paint_module/p_0_in/C[47:0] is not pipelined. Pipelining DSP48 input will improve performance.
WARNING: [DRC DPOP-1] PREG Output pipelining: DSP task_a/is_in_circle_return1 output task_a/is_in_circle_return1/P[47:0] is not pipelined (PREG=0). Pipelining the DSP48 output will improve performance and often saves power so it is suggested whenever possible to fully pipeline this function.  If this DSP48 function was inferred, it is suggested to describe an additional register stage after this function.  If the DSP48 was instantiated in the design, it is suggested to set the PREG attribute to 1.
WARNING: [DRC DPOP-1] PREG Output pipelining: DSP task_a/is_in_circle_return1__0 output task_a/is_in_circle_return1__0/P[47:0] is not pipelined (PREG=0). Pipelining the DSP48 output will improve performance and often saves power so it is suggested whenever possible to fully pipeline this function.  If this DSP48 function was inferred, it is suggested to describe an additional register stage after this function.  If the DSP48 was instantiated in the design, it is suggested to set the PREG attribute to 1.
WARNING: [DRC DPOP-1] PREG Output pipelining: DSP task_a/is_in_circle_return1__1 output task_a/is_in_circle_return1__1/P[47:0] is not pipelined (PREG=0). Pipelining the DSP48 output will improve performance and often saves power so it is suggested whenever possible to fully pipeline this function.  If this DSP48 function was inferred, it is suggested to describe an additional register stage after this function.  If the DSP48 was instantiated in the design, it is suggested to set the PREG attribute to 1.
WARNING: [DRC DPOP-1] PREG Output pipelining: DSP task_a/is_in_circle_return1__2 output task_a/is_in_circle_return1__2/P[47:0] is not pipelined (PREG=0). Pipelining the DSP48 output will improve performance and often saves power so it is suggested whenever possible to fully pipeline this function.  If this DSP48 function was inferred, it is suggested to describe an additional register stage after this function.  If the DSP48 was instantiated in the design, it is suggested to set the PREG attribute to 1.
WARNING: [DRC DPOP-1] PREG Output pipelining: DSP task_a/is_in_circle_return1__3 output task_a/is_in_circle_return1__3/P[47:0] is not pipelined (PREG=0). Pipelining the DSP48 output will improve performance and often saves power so it is suggested whenever possible to fully pipeline this function.  If this DSP48 function was inferred, it is suggested to describe an additional register stage after this function.  If the DSP48 was instantiated in the design, it is suggested to set the PREG attribute to 1.
WARNING: [DRC DPOP-1] PREG Output pipelining: DSP task_a/is_in_circle_return1__4 output task_a/is_in_circle_return1__4/P[47:0] is not pipelined (PREG=0). Pipelining the DSP48 output will improve performance and often saves power so it is suggested whenever possible to fully pipeline this function.  If this DSP48 function was inferred, it is suggested to describe an additional register stage after this function.  If the DSP48 was instantiated in the design, it is suggested to set the PREG attribute to 1.
WARNING: [DRC DPOP-1] PREG Output pipelining: DSP task_group/paint_module/p_0_in output task_group/paint_module/p_0_in/P[47:0] is not pipelined (PREG=0). Pipelining the DSP48 output will improve performance and often saves power so it is suggested whenever possible to fully pipeline this function.  If this DSP48 function was inferred, it is suggested to describe an additional register stage after this function.  If the DSP48 was instantiated in the design, it is suggested to set the PREG attribute to 1.
WARNING: [DRC DPOP-2] MREG Output pipelining: DSP task_a/is_in_circle_return1 multiplier stage task_a/is_in_circle_return1/P[47:0] is not pipelined (MREG=0). Pipelining the multiplier function will improve performance and will save significant power so it is suggested whenever possible to fully pipeline this function.  If this multiplier was inferred, it is suggested to describe an additional register stage after this function.  If there is no registered adder/accumulator following the multiply function, two pipeline stages are suggested to allow both the MREG and PREG registers to be used.  If the DSP48 was instantiated in the design, it is suggested to set both the MREG and PREG attributes to 1 when performing multiply functions.
WARNING: [DRC DPOP-2] MREG Output pipelining: DSP task_a/is_in_circle_return1__0 multiplier stage task_a/is_in_circle_return1__0/P[47:0] is not pipelined (MREG=0). Pipelining the multiplier function will improve performance and will save significant power so it is suggested whenever possible to fully pipeline this function.  If this multiplier was inferred, it is suggested to describe an additional register stage after this function.  If there is no registered adder/accumulator following the multiply function, two pipeline stages are suggested to allow both the MREG and PREG registers to be used.  If the DSP48 was instantiated in the design, it is suggested to set both the MREG and PREG attributes to 1 when performing multiply functions.
WARNING: [DRC DPOP-2] MREG Output pipelining: DSP task_a/is_in_circle_return1__1 multiplier stage task_a/is_in_circle_return1__1/P[47:0] is not pipelined (MREG=0). Pipelining the multiplier function will improve performance and will save significant power so it is suggested whenever possible to fully pipeline this function.  If this multiplier was inferred, it is suggested to describe an additional register stage after this function.  If there is no registered adder/accumulator following the multiply function, two pipeline stages are suggested to allow both the MREG and PREG registers to be used.  If the DSP48 was instantiated in the design, it is suggested to set both the MREG and PREG attributes to 1 when performing multiply functions.
WARNING: [DRC DPOP-2] MREG Output pipelining: DSP task_a/is_in_circle_return1__2 multiplier stage task_a/is_in_circle_return1__2/P[47:0] is not pipelined (MREG=0). Pipelining the multiplier function will improve performance and will save significant power so it is suggested whenever possible to fully pipeline this function.  If this multiplier was inferred, it is suggested to describe an additional register stage after this function.  If there is no registered adder/accumulator following the multiply function, two pipeline stages are suggested to allow both the MREG and PREG registers to be used.  If the DSP48 was instantiated in the design, it is suggested to set both the MREG and PREG attributes to 1 when performing multiply functions.
WARNING: [DRC DPOP-2] MREG Output pipelining: DSP task_a/is_in_circle_return1__3 multiplier stage task_a/is_in_circle_return1__3/P[47:0] is not pipelined (MREG=0). Pipelining the multiplier function will improve performance and will save significant power so it is suggested whenever possible to fully pipeline this function.  If this multiplier was inferred, it is suggested to describe an additional register stage after this function.  If there is no registered adder/accumulator following the multiply function, two pipeline stages are suggested to allow both the MREG and PREG registers to be used.  If the DSP48 was instantiated in the design, it is suggested to set both the MREG and PREG attributes to 1 when performing multiply functions.
WARNING: [DRC DPOP-2] MREG Output pipelining: DSP task_a/is_in_circle_return1__4 multiplier stage task_a/is_in_circle_return1__4/P[47:0] is not pipelined (MREG=0). Pipelining the multiplier function will improve performance and will save significant power so it is suggested whenever possible to fully pipeline this function.  If this multiplier was inferred, it is suggested to describe an additional register stage after this function.  If there is no registered adder/accumulator following the multiply function, two pipeline stages are suggested to allow both the MREG and PREG registers to be used.  If the DSP48 was instantiated in the design, it is suggested to set both the MREG and PREG attributes to 1 when performing multiply functions.
WARNING: [DRC DPOP-2] MREG Output pipelining: DSP task_group/paint_module/p_0_in multiplier stage task_group/paint_module/p_0_in/P[47:0] is not pipelined (MREG=0). Pipelining the multiplier function will improve performance and will save significant power so it is suggested whenever possible to fully pipeline this function.  If this multiplier was inferred, it is suggested to describe an additional register stage after this function.  If there is no registered adder/accumulator following the multiply function, two pipeline stages are suggested to allow both the MREG and PREG registers to be used.  If the DSP48 was instantiated in the design, it is suggested to set both the MREG and PREG attributes to 1 when performing multiply functions.
WARNING: [DRC PDRC-153] Gated clock check: Net mouse/state_choice_reg[2]_rep__3 is a gated clock net sourced by a combinational pin mouse/state_choice[2]_i_3/O, cell mouse/state_choice[2]_i_3. This is not good design practice and will likely impact performance. For SLICE registers, for example, use the CE pin to control the loading of data.
WARNING: [DRC PDRC-153] Gated clock check: Net mouse/state_choice_reg[2]_rep__3_0 is a gated clock net sourced by a combinational pin mouse/state_choice[2]_i_2/O, cell mouse/state_choice[2]_i_2. This is not good design practice and will likely impact performance. For SLICE registers, for example, use the CE pin to control the loading of data.
WARNING: [DRC PDRC-153] Gated clock check: Net task_group/paint_module/colour_chooser_reg[15]_i_2_n_0 is a gated clock net sourced by a combinational pin task_group/paint_module/colour_chooser_reg[15]_i_2/O, cell task_group/paint_module/colour_chooser_reg[15]_i_2. This is not good design practice and will likely impact performance. For SLICE registers, for example, use the CE pin to control the loading of data.
WARNING: [DRC PLHOLDVIO-2] Non-Optimal connections which could lead to hold violations: A LUT mouse/state_choice[2]_i_2 is driving clock pin of 18 cells. This could lead to large hold time violations. First few involved cells are:
    task_group/paint_module/state_choice_reg[0] {FDRE}
    task_group/paint_module/state_choice_reg[0]_rep {FDRE}
    task_group/paint_module/state_choice_reg[0]_rep__0 {FDRE}
    task_group/paint_module/state_choice_reg[0]_rep__1 {FDRE}
    task_group/paint_module/state_choice_reg[0]_rep__2 {FDRE}
    task_group/paint_module/state_choice_reg[0]_rep__3 {FDRE}
    task_group/paint_module/state_choice_reg[1] {FDRE}
    task_group/paint_module/state_choice_reg[1]_rep {FDRE}
    task_group/paint_module/state_choice_reg[1]_rep__0 {FDRE}
INFO: [Vivado 12-3199] DRC finished with 0 Errors, 32 Warnings
INFO: [Vivado 12-3200] Please refer to the DRC report (report_drc) for more information.
INFO: [Designutils 20-2272] Running write_bitstream with 2 threads.
Loading data files...
Loading site data...
Loading route data...
Processing options...
Creating bitmap...
Creating bitstream...
Bitstream compression saved 11787456 bits.
Writing bitstream ./Top_Student.bit...
INFO: [Vivado 12-1842] Bitgen Completed Successfully.
INFO: [Project 1-120] WebTalk data collection is mandatory when using a WebPACK part without a full Vivado license. To see the specific WebTalk data collected for your design, open the usage_statistics_webtalk.html or usage_statistics_webtalk.xml file in the implementation directory.
INFO: [Common 17-83] Releasing license: Implementation
96 Infos, 47 Warnings, 0 Critical Warnings and 0 Errors encountered.
write_bitstream completed successfully
write_bitstream: Time (s): cpu = 00:00:07 ; elapsed = 00:00:08 . Memory (MB): peak = 1787.465 ; gain = 429.926
INFO: [Common 17-206] Exiting Vivado at Wed Mar  6 20:16:27 2024...
